<?xml version="1.0" encoding="UTF-8"?>
<testsuite xmlns:xsi="http://www.w3.org/2001/XMLSchema-instance" xsi:noNamespaceSchemaLocation="https://maven.apache.org/surefire/maven-surefire-plugin/xsd/surefire-test-report.xsd" name="TestSuite" time="21.311" tests="30" errors="0" skipped="29" failures="1">
  <properties>
    <property name="sun.desktop" value="windows"/>
    <property name="awt.toolkit" value="sun.awt.windows.WToolkit"/>
    <property name="file.encoding.pkg" value="sun.io"/>
    <property name="java.specification.version" value="1.8"/>
    <property name="sun.cpu.isalist" value="amd64"/>
    <property name="sun.jnu.encoding" value="Cp1252"/>
    <property name="java.class.path" value="C:\Automation\POMWorkspace\PageObject\target\test-classes;C:\Automation\POMWorkspace\PageObject\target\classes;C:\Users\G516741\.m2\repository\org\testng\testng\6.9.5\testng-6.9.5.jar;C:\Users\G516741\.m2\repository\junit\junit\4.10\junit-4.10.jar;C:\Users\G516741\.m2\repository\org\hamcrest\hamcrest-core\1.1\hamcrest-core-1.1.jar;C:\Users\G516741\.m2\repository\com\beust\jcommander\1.48\jcommander-1.48.jar;C:\Users\G516741\.m2\repository\org\apache\ant\ant\1.7.0\ant-1.7.0.jar;C:\Users\G516741\.m2\repository\org\apache\ant\ant-launcher\1.7.0\ant-launcher-1.7.0.jar;C:\Users\G516741\.m2\repository\com\google\inject\guice\4.0\guice-4.0-no_aop.jar;C:\Users\G516741\.m2\repository\javax\inject\javax.inject\1\javax.inject-1.jar;C:\Users\G516741\.m2\repository\aopalliance\aopalliance\1.0\aopalliance-1.0.jar;C:\Users\G516741\.m2\repository\org\yaml\snakeyaml\1.15\snakeyaml-1.15.jar;C:\Users\G516741\.m2\repository\org\beanshell\bsh\2.0b4\bsh-2.0b4.jar;C:\Users\G516741\.m2\repository\org\seleniumhq\selenium\selenium-java\3.7.0\selenium-java-3.7.0.jar;C:\Users\G516741\.m2\repository\org\seleniumhq\selenium\selenium-api\3.7.0\selenium-api-3.7.0.jar;C:\Users\G516741\.m2\repository\org\seleniumhq\selenium\selenium-chrome-driver\3.7.0\selenium-chrome-driver-3.7.0.jar;C:\Users\G516741\.m2\repository\org\seleniumhq\selenium\selenium-edge-driver\3.7.0\selenium-edge-driver-3.7.0.jar;C:\Users\G516741\.m2\repository\org\seleniumhq\selenium\selenium-firefox-driver\3.7.0\selenium-firefox-driver-3.7.0.jar;C:\Users\G516741\.m2\repository\org\seleniumhq\selenium\selenium-ie-driver\3.7.0\selenium-ie-driver-3.7.0.jar;C:\Users\G516741\.m2\repository\org\seleniumhq\selenium\selenium-opera-driver\3.7.0\selenium-opera-driver-3.7.0.jar;C:\Users\G516741\.m2\repository\org\seleniumhq\selenium\selenium-remote-driver\3.7.0\selenium-remote-driver-3.7.0.jar;C:\Users\G516741\.m2\repository\org\seleniumhq\selenium\selenium-safari-driver\3.7.0\selenium-safari-driver-3.7.0.jar;C:\Users\G516741\.m2\repository\org\seleniumhq\selenium\selenium-support\3.7.0\selenium-support-3.7.0.jar;C:\Users\G516741\.m2\repository\net\bytebuddy\byte-buddy\1.7.5\byte-buddy-1.7.5.jar;C:\Users\G516741\.m2\repository\org\apache\commons\commons-exec\1.3\commons-exec-1.3.jar;C:\Users\G516741\.m2\repository\commons-codec\commons-codec\1.10\commons-codec-1.10.jar;C:\Users\G516741\.m2\repository\commons-logging\commons-logging\1.2\commons-logging-1.2.jar;C:\Users\G516741\.m2\repository\com\google\code\gson\gson\2.8.2\gson-2.8.2.jar;C:\Users\G516741\.m2\repository\com\google\guava\guava\23.0\guava-23.0.jar;C:\Users\G516741\.m2\repository\com\google\code\findbugs\jsr305\1.3.9\jsr305-1.3.9.jar;C:\Users\G516741\.m2\repository\com\google\errorprone\error_prone_annotations\2.0.18\error_prone_annotations-2.0.18.jar;C:\Users\G516741\.m2\repository\com\google\j2objc\j2objc-annotations\1.1\j2objc-annotations-1.1.jar;C:\Users\G516741\.m2\repository\org\codehaus\mojo\animal-sniffer-annotations\1.14\animal-sniffer-annotations-1.14.jar;C:\Users\G516741\.m2\repository\org\apache\httpcomponents\httpclient\4.5.3\httpclient-4.5.3.jar;C:\Users\G516741\.m2\repository\org\apache\httpcomponents\httpcore\4.4.6\httpcore-4.4.6.jar;C:\Users\G516741\.m2\repository\org\apache\poi\poi\4.1.2\poi-4.1.2.jar;C:\Users\G516741\.m2\repository\org\apache\commons\commons-collections4\4.4\commons-collections4-4.4.jar;C:\Users\G516741\.m2\repository\org\apache\commons\commons-math3\3.6.1\commons-math3-3.6.1.jar;C:\Users\G516741\.m2\repository\com\zaxxer\SparseBitSet\1.2\SparseBitSet-1.2.jar;C:\Users\G516741\.m2\repository\org\apache\poi\poi-ooxml\4.1.2\poi-ooxml-4.1.2.jar;C:\Users\G516741\.m2\repository\org\apache\commons\commons-compress\1.19\commons-compress-1.19.jar;C:\Users\G516741\.m2\repository\com\github\virtuald\curvesapi\1.06\curvesapi-1.06.jar;C:\Users\G516741\.m2\repository\org\apache\poi\poi-ooxml-schemas\4.1.2\poi-ooxml-schemas-4.1.2.jar;C:\Users\G516741\.m2\repository\org\apache\xmlbeans\xmlbeans\3.1.0\xmlbeans-3.1.0.jar;C:\Users\G516741\.m2\repository\com\relevantcodes\extentreports\2.41.2\extentreports-2.41.2.jar;C:\Users\G516741\.m2\repository\org\jsoup\jsoup\1.8.3\jsoup-1.8.3.jar;C:\Users\G516741\.m2\repository\org\xerial\sqlite-jdbc\3.8.11.1\sqlite-jdbc-3.8.11.1.jar;C:\Users\G516741\.m2\repository\org\freemarker\freemarker\2.3.23\freemarker-2.3.23.jar;C:\Users\G516741\.m2\repository\org\mongodb\mongodb-driver\3.0.4\mongodb-driver-3.0.4.jar;C:\Users\G516741\.m2\repository\org\mongodb\bson\3.0.4\bson-3.0.4.jar;C:\Users\G516741\.m2\repository\org\mongodb\mongodb-driver-core\3.0.4\mongodb-driver-core-3.0.4.jar;C:\Users\G516741\.m2\repository\io\github\bonigarcia\webdrivermanager\3.8.1\webdrivermanager-3.8.1.jar;C:\Users\G516741\.m2\repository\org\slf4j\slf4j-api\1.7.25\slf4j-api-1.7.25.jar;C:\Users\G516741\.m2\repository\commons-io\commons-io\2.6\commons-io-2.6.jar;C:\Users\G516741\.m2\repository\org\apache\commons\commons-lang3\3.8.1\commons-lang3-3.8.1.jar;C:\Users\G516741\.m2\repository\org\rauschig\jarchivelib\1.0.0\jarchivelib-1.0.0.jar;C:\Users\G516741\.m2\repository\io\qameta\allure\allure-testng\2.13.2\allure-testng-2.13.2.jar;C:\Users\G516741\.m2\repository\io\qameta\allure\allure-java-commons\2.13.2\allure-java-commons-2.13.2.jar;C:\Users\G516741\.m2\repository\io\qameta\allure\allure-model\2.13.2\allure-model-2.13.2.jar;C:\Users\G516741\.m2\repository\com\fasterxml\jackson\core\jackson-databind\2.9.8\jackson-databind-2.9.8.jar;C:\Users\G516741\.m2\repository\com\fasterxml\jackson\core\jackson-annotations\2.9.0\jackson-annotations-2.9.0.jar;C:\Users\G516741\.m2\repository\com\fasterxml\jackson\core\jackson-core\2.9.8\jackson-core-2.9.8.jar;C:\Users\G516741\.m2\repository\org\apache\tika\tika-core\1.20\tika-core-1.20.jar;C:\Users\G516741\.m2\repository\org\jooq\joor-java-8\0.9.10\joor-java-8-0.9.10.jar;C:\Users\G516741\.m2\repository\com\automation-remarks\video-recorder\1.0\video-recorder-1.0.jar;C:\Users\G516741\.m2\repository\com\github\stephenc\monte\monte-screen-recorder\0.7.7.0\monte-screen-recorder-0.7.7.0.jar;C:\Users\G516741\.m2\repository\org\apache\logging\log4j\log4j-core\2.13.2\log4j-core-2.13.2.jar;C:\Users\G516741\.m2\repository\org\apache\logging\log4j\log4j-api\2.13.2\log4j-api-2.13.2.jar;"/>
    <property name="java.vm.vendor" value="Oracle Corporation"/>
    <property name="sun.arch.data.model" value="64"/>
    <property name="user.variant" value=""/>
    <property name="java.vendor.url" value="http://java.oracle.com/"/>
    <property name="user.timezone" value="Asia/Calcutta"/>
    <property name="java.vm.specification.version" value="1.8"/>
    <property name="os.name" value="Windows 10"/>
    <property name="user.country" value="US"/>
    <property name="sun.java.launcher" value="SUN_STANDARD"/>
    <property name="sun.boot.library.path" value="C:\Program Files\Java\jdk1.8.0_101\jre\bin"/>
    <property name="sun.java.command" value="C:\Users\G516741\AppData\Local\Temp\surefire3527699279874218411\surefirebooter3415859560778631603.jar C:\Users\G516741\AppData\Local\Temp\surefire3527699279874218411 2020-04-26T11-20-03_142-jvmRun1 surefire5002975445481133791tmp surefire_04089960059802643963tmp"/>
    <property name="surefire.test.class.path" value="C:\Automation\POMWorkspace\PageObject\target\test-classes;C:\Automation\POMWorkspace\PageObject\target\classes;C:\Users\G516741\.m2\repository\org\testng\testng\6.9.5\testng-6.9.5.jar;C:\Users\G516741\.m2\repository\junit\junit\4.10\junit-4.10.jar;C:\Users\G516741\.m2\repository\org\hamcrest\hamcrest-core\1.1\hamcrest-core-1.1.jar;C:\Users\G516741\.m2\repository\com\beust\jcommander\1.48\jcommander-1.48.jar;C:\Users\G516741\.m2\repository\org\apache\ant\ant\1.7.0\ant-1.7.0.jar;C:\Users\G516741\.m2\repository\org\apache\ant\ant-launcher\1.7.0\ant-launcher-1.7.0.jar;C:\Users\G516741\.m2\repository\com\google\inject\guice\4.0\guice-4.0-no_aop.jar;C:\Users\G516741\.m2\repository\javax\inject\javax.inject\1\javax.inject-1.jar;C:\Users\G516741\.m2\repository\aopalliance\aopalliance\1.0\aopalliance-1.0.jar;C:\Users\G516741\.m2\repository\org\yaml\snakeyaml\1.15\snakeyaml-1.15.jar;C:\Users\G516741\.m2\repository\org\beanshell\bsh\2.0b4\bsh-2.0b4.jar;C:\Users\G516741\.m2\repository\org\seleniumhq\selenium\selenium-java\3.7.0\selenium-java-3.7.0.jar;C:\Users\G516741\.m2\repository\org\seleniumhq\selenium\selenium-api\3.7.0\selenium-api-3.7.0.jar;C:\Users\G516741\.m2\repository\org\seleniumhq\selenium\selenium-chrome-driver\3.7.0\selenium-chrome-driver-3.7.0.jar;C:\Users\G516741\.m2\repository\org\seleniumhq\selenium\selenium-edge-driver\3.7.0\selenium-edge-driver-3.7.0.jar;C:\Users\G516741\.m2\repository\org\seleniumhq\selenium\selenium-firefox-driver\3.7.0\selenium-firefox-driver-3.7.0.jar;C:\Users\G516741\.m2\repository\org\seleniumhq\selenium\selenium-ie-driver\3.7.0\selenium-ie-driver-3.7.0.jar;C:\Users\G516741\.m2\repository\org\seleniumhq\selenium\selenium-opera-driver\3.7.0\selenium-opera-driver-3.7.0.jar;C:\Users\G516741\.m2\repository\org\seleniumhq\selenium\selenium-remote-driver\3.7.0\selenium-remote-driver-3.7.0.jar;C:\Users\G516741\.m2\repository\org\seleniumhq\selenium\selenium-safari-driver\3.7.0\selenium-safari-driver-3.7.0.jar;C:\Users\G516741\.m2\repository\org\seleniumhq\selenium\selenium-support\3.7.0\selenium-support-3.7.0.jar;C:\Users\G516741\.m2\repository\net\bytebuddy\byte-buddy\1.7.5\byte-buddy-1.7.5.jar;C:\Users\G516741\.m2\repository\org\apache\commons\commons-exec\1.3\commons-exec-1.3.jar;C:\Users\G516741\.m2\repository\commons-codec\commons-codec\1.10\commons-codec-1.10.jar;C:\Users\G516741\.m2\repository\commons-logging\commons-logging\1.2\commons-logging-1.2.jar;C:\Users\G516741\.m2\repository\com\google\code\gson\gson\2.8.2\gson-2.8.2.jar;C:\Users\G516741\.m2\repository\com\google\guava\guava\23.0\guava-23.0.jar;C:\Users\G516741\.m2\repository\com\google\code\findbugs\jsr305\1.3.9\jsr305-1.3.9.jar;C:\Users\G516741\.m2\repository\com\google\errorprone\error_prone_annotations\2.0.18\error_prone_annotations-2.0.18.jar;C:\Users\G516741\.m2\repository\com\google\j2objc\j2objc-annotations\1.1\j2objc-annotations-1.1.jar;C:\Users\G516741\.m2\repository\org\codehaus\mojo\animal-sniffer-annotations\1.14\animal-sniffer-annotations-1.14.jar;C:\Users\G516741\.m2\repository\org\apache\httpcomponents\httpclient\4.5.3\httpclient-4.5.3.jar;C:\Users\G516741\.m2\repository\org\apache\httpcomponents\httpcore\4.4.6\httpcore-4.4.6.jar;C:\Users\G516741\.m2\repository\org\apache\poi\poi\4.1.2\poi-4.1.2.jar;C:\Users\G516741\.m2\repository\org\apache\commons\commons-collections4\4.4\commons-collections4-4.4.jar;C:\Users\G516741\.m2\repository\org\apache\commons\commons-math3\3.6.1\commons-math3-3.6.1.jar;C:\Users\G516741\.m2\repository\com\zaxxer\SparseBitSet\1.2\SparseBitSet-1.2.jar;C:\Users\G516741\.m2\repository\org\apache\poi\poi-ooxml\4.1.2\poi-ooxml-4.1.2.jar;C:\Users\G516741\.m2\repository\org\apache\commons\commons-compress\1.19\commons-compress-1.19.jar;C:\Users\G516741\.m2\repository\com\github\virtuald\curvesapi\1.06\curvesapi-1.06.jar;C:\Users\G516741\.m2\repository\org\apache\poi\poi-ooxml-schemas\4.1.2\poi-ooxml-schemas-4.1.2.jar;C:\Users\G516741\.m2\repository\org\apache\xmlbeans\xmlbeans\3.1.0\xmlbeans-3.1.0.jar;C:\Users\G516741\.m2\repository\com\relevantcodes\extentreports\2.41.2\extentreports-2.41.2.jar;C:\Users\G516741\.m2\repository\org\jsoup\jsoup\1.8.3\jsoup-1.8.3.jar;C:\Users\G516741\.m2\repository\org\xerial\sqlite-jdbc\3.8.11.1\sqlite-jdbc-3.8.11.1.jar;C:\Users\G516741\.m2\repository\org\freemarker\freemarker\2.3.23\freemarker-2.3.23.jar;C:\Users\G516741\.m2\repository\org\mongodb\mongodb-driver\3.0.4\mongodb-driver-3.0.4.jar;C:\Users\G516741\.m2\repository\org\mongodb\bson\3.0.4\bson-3.0.4.jar;C:\Users\G516741\.m2\repository\org\mongodb\mongodb-driver-core\3.0.4\mongodb-driver-core-3.0.4.jar;C:\Users\G516741\.m2\repository\io\github\bonigarcia\webdrivermanager\3.8.1\webdrivermanager-3.8.1.jar;C:\Users\G516741\.m2\repository\org\slf4j\slf4j-api\1.7.25\slf4j-api-1.7.25.jar;C:\Users\G516741\.m2\repository\commons-io\commons-io\2.6\commons-io-2.6.jar;C:\Users\G516741\.m2\repository\org\apache\commons\commons-lang3\3.8.1\commons-lang3-3.8.1.jar;C:\Users\G516741\.m2\repository\org\rauschig\jarchivelib\1.0.0\jarchivelib-1.0.0.jar;C:\Users\G516741\.m2\repository\io\qameta\allure\allure-testng\2.13.2\allure-testng-2.13.2.jar;C:\Users\G516741\.m2\repository\io\qameta\allure\allure-java-commons\2.13.2\allure-java-commons-2.13.2.jar;C:\Users\G516741\.m2\repository\io\qameta\allure\allure-model\2.13.2\allure-model-2.13.2.jar;C:\Users\G516741\.m2\repository\com\fasterxml\jackson\core\jackson-databind\2.9.8\jackson-databind-2.9.8.jar;C:\Users\G516741\.m2\repository\com\fasterxml\jackson\core\jackson-annotations\2.9.0\jackson-annotations-2.9.0.jar;C:\Users\G516741\.m2\repository\com\fasterxml\jackson\core\jackson-core\2.9.8\jackson-core-2.9.8.jar;C:\Users\G516741\.m2\repository\org\apache\tika\tika-core\1.20\tika-core-1.20.jar;C:\Users\G516741\.m2\repository\org\jooq\joor-java-8\0.9.10\joor-java-8-0.9.10.jar;C:\Users\G516741\.m2\repository\com\automation-remarks\video-recorder\1.0\video-recorder-1.0.jar;C:\Users\G516741\.m2\repository\com\github\stephenc\monte\monte-screen-recorder\0.7.7.0\monte-screen-recorder-0.7.7.0.jar;C:\Users\G516741\.m2\repository\org\apache\logging\log4j\log4j-core\2.13.2\log4j-core-2.13.2.jar;C:\Users\G516741\.m2\repository\org\apache\logging\log4j\log4j-api\2.13.2\log4j-api-2.13.2.jar;"/>
    <property name="sun.cpu.endian" value="little"/>
    <property name="user.home" value="C:\Users\G516741"/>
    <property name="user.language" value="en"/>
    <property name="java.specification.vendor" value="Oracle Corporation"/>
    <property name="java.home" value="C:\Program Files\Java\jdk1.8.0_101\jre"/>
    <property name="basedir" value="C:\Automation\POMWorkspace\PageObject"/>
    <property name="file.separator" value="\"/>
    <property name="line.separator" value="&#10;"/>
    <property name="java.vm.specification.vendor" value="Oracle Corporation"/>
    <property name="java.specification.name" value="Java Platform API Specification"/>
    <property name="java.awt.graphicsenv" value="sun.awt.Win32GraphicsEnvironment"/>
    <property name="surefire.real.class.path" value="C:\Users\G516741\AppData\Local\Temp\surefire3527699279874218411\surefirebooter3415859560778631603.jar"/>
    <property name="sun.boot.class.path" value="C:\Program Files\Java\jdk1.8.0_101\jre\lib\resources.jar;C:\Program Files\Java\jdk1.8.0_101\jre\lib\rt.jar;C:\Program Files\Java\jdk1.8.0_101\jre\lib\sunrsasign.jar;C:\Program Files\Java\jdk1.8.0_101\jre\lib\jsse.jar;C:\Program Files\Java\jdk1.8.0_101\jre\lib\jce.jar;C:\Program Files\Java\jdk1.8.0_101\jre\lib\charsets.jar;C:\Program Files\Java\jdk1.8.0_101\jre\lib\jfr.jar;C:\Program Files\Java\jdk1.8.0_101\jre\classes"/>
    <property name="user.script" value=""/>
    <property name="sun.management.compiler" value="HotSpot 64-Bit Tiered Compilers"/>
    <property name="java.runtime.version" value="1.8.0_101-b13"/>
    <property name="user.name" value="G516741"/>
    <property name="path.separator" value=";"/>
    <property name="os.version" value="10.0"/>
    <property name="java.endorsed.dirs" value="C:\Program Files\Java\jdk1.8.0_101\jre\lib\endorsed"/>
    <property name="java.runtime.name" value="Java(TM) SE Runtime Environment"/>
    <property name="file.encoding" value="Cp1252"/>
    <property name="java.vm.name" value="Java HotSpot(TM) 64-Bit Server VM"/>
    <property name="localRepository" value="C:\Users\G516741\.m2\repository"/>
    <property name="java.vendor.url.bug" value="http://bugreport.sun.com/bugreport/"/>
    <property name="java.io.tmpdir" value="C:\Users\G516741\AppData\Local\Temp\"/>
    <property name="java.version" value="1.8.0_101"/>
    <property name="user.dir" value="C:\Automation\POMWorkspace\PageObject"/>
    <property name="os.arch" value="amd64"/>
    <property name="java.vm.specification.name" value="Java Virtual Machine Specification"/>
    <property name="java.awt.printerjob" value="sun.awt.windows.WPrinterJob"/>
    <property name="sun.os.patch.level" value=""/>
    <property name="java.library.path" value="C:\Program Files\Java\jdk1.8.0_101\jre\bin;C:\WINDOWS\Sun\Java\bin;C:\WINDOWS\system32;C:\WINDOWS;C:\Program Files\Java\jdk1.8.0_101\jre\bin;C:/Program Files/Java/jre1.8.0_101/bin/server;C:/Program Files/Java/jre1.8.0_101/bin;C:/Program Files/Java/jre1.8.0_101/lib/amd64;C:\ProgramData\Oracle\Java\javapath;C:\WINDOWS\system32;C:\WINDOWS;C:\WINDOWS\System32\Wbem;C:\WINDOWS\System32\WindowsPowerShell\v1.0\;C:\WINDOWS\System32\OpenSSH\;%JAVA_HOME%\bin;C:\6741\E DRIVE\Softwares\apache-jmeter-5.2.1\apache-jmeter-5.2.1\bin;C:\Program Files (x86)\Crossmatch\L Scan Essentials\;C:\Program Files\Crossmatch\L Scan Essentials\;%MVN_HOME%\bin;C:\Program Files\Java\apache-maven-3.6.3\bin;C:\Program Files\Git\cmd;C:\Users\G516741\AppData\Local\Microsoft\WindowsApps;;C:\6741\E DRIVE\Softwares\eclipse;;."/>
    <property name="java.vm.info" value="mixed mode"/>
    <property name="java.vendor" value="Oracle Corporation"/>
    <property name="java.vm.version" value="25.101-b13"/>
    <property name="java.ext.dirs" value="C:\Program Files\Java\jdk1.8.0_101\jre\lib\ext;C:\WINDOWS\Sun\Java\lib\ext"/>
    <property name="sun.io.unicode.encoding" value="UnicodeLittle"/>
    <property name="java.class.version" value="52.0"/>
  </properties>
  <testcase name="Beforet" classname="com.qa.testcases.LoginTC" time="20.364">
    <failure message="chrome not reachable&#10;  (Session info: chrome=81.0.4044.122)&#10;Build info: version: &apos;3.7.0&apos;, revision: &apos;2321c73&apos;, time: &apos;2017-11-02T22:22:35.584Z&apos;&#10;System info: host: &apos;INNO2-5095&apos;, ip: &apos;192.168.0.106&apos;, os.name: &apos;Windows 10&apos;, os.arch: &apos;amd64&apos;, os.version: &apos;10.0&apos;, java.version: &apos;1.8.0_101&apos;&#10;Driver info: org.openqa.selenium.chrome.ChromeDriver&#10;Capabilities {acceptInsecureCerts: false, browserName: chrome, browserVersion: 81.0.4044.122, chrome: {chromedriverVersion: 80.0.3987.16 (320f6526c1632..., userDataDir: C:\Users\G516741\AppData\Lo...}, goog:chromeOptions: {debuggerAddress: localhost:56932}, javascriptEnabled: true, networkConnectionEnabled: false, pageLoadStrategy: normal, platform: WINDOWS, platformName: WINDOWS, proxy: Proxy(), setWindowRect: true, strictFileInteractability: false, timeouts: {implicit: 0, pageLoad: 300000, script: 30000}, unhandledPromptBehavior: dismiss and notify}&#10;Session ID: 4c89c34eb8a725efa17a4a4cb4056dcc" type="org.openqa.selenium.WebDriverException">org.openqa.selenium.WebDriverException: 
chrome not reachable
  (Session info: chrome=81.0.4044.122)
Build info: version: '3.7.0', revision: '2321c73', time: '2017-11-02T22:22:35.584Z'
System info: host: 'INNO2-5095', ip: '192.168.0.106', os.name: 'Windows 10', os.arch: 'amd64', os.version: '10.0', java.version: '1.8.0_101'
Driver info: org.openqa.selenium.chrome.ChromeDriver
Capabilities {acceptInsecureCerts: false, browserName: chrome, browserVersion: 81.0.4044.122, chrome: {chromedriverVersion: 80.0.3987.16 (320f6526c1632..., userDataDir: C:\Users\G516741\AppData\Lo...}, goog:chromeOptions: {debuggerAddress: localhost:56932}, javascriptEnabled: true, networkConnectionEnabled: false, pageLoadStrategy: normal, platform: WINDOWS, platformName: WINDOWS, proxy: Proxy(), setWindowRect: true, strictFileInteractability: false, timeouts: {implicit: 0, pageLoad: 300000, script: 30000}, unhandledPromptBehavior: dismiss and notify}
Session ID: 4c89c34eb8a725efa17a4a4cb4056dcc
	at com.qa.testcases.LoginTC.Beforet(LoginTC.java:32)
</failure>
    <system-err><![CDATA[SLF4J: Failed to load class "org.slf4j.impl.StaticLoggerBinder".
SLF4J: Defaulting to no-operation (NOP) logger implementation
SLF4J: See http://www.slf4j.org/codes.html#StaticLoggerBinder for further details.
Apr 26, 2020 11:20:07 AM org.openqa.selenium.remote.ProtocolHandshake createSession
INFO: Detected dialect: W3C
]]></system-err>
  </testcase>
  <testcase name="logintest" classname="com.qa.testcases.LoginTC" time="0">
    <skipped/>
  </testcase>
  <testcase name="Aftertest" classname="com.qa.testcases.LoginTC" time="0">
    <skipped/>
  </testcase>
  <testcase name="Teardown" classname="com.qa.testcases.LoginTC" time="0">
    <skipped/>
  </testcase>
  <testcase name="Beforetest" classname="com.qa.testcases.HomepageTC" time="0">
    <skipped/>
  </testcase>
  <testcase name="Beforetest" classname="com.qa.testcases.HomepageTC" time="0">
    <skipped/>
  </testcase>
  <testcase name="Verifuser" classname="com.qa.testcases.HomepageTC" time="0">
    <skipped/>
  </testcase>
  <testcase name="Aftertest" classname="com.qa.testcases.HomepageTC" time="0">
    <skipped/>
  </testcase>
  <testcase name="Aftertest" classname="com.qa.testcases.HomepageTC" time="0">
    <skipped/>
  </testcase>
  <testcase name="Veriflogin" classname="com.qa.testcases.HomepageTC" time="0">
    <skipped/>
  </testcase>
  <testcase name="Teardown" classname="com.qa.testcases.HomepageTC" time="0">
    <skipped/>
  </testcase>
  <testcase name="Beforet" classname="com.qa.testcases.CreatecontactTC" time="0">
    <skipped/>
  </testcase>
  <testcase name="Beforet" classname="com.qa.testcases.CreatecontactTC" time="0">
    <skipped/>
  </testcase>
  <testcase name="Beforet" classname="com.qa.testcases.CreatecontactTC" time="0">
    <skipped/>
    <system-out><![CDATA[Getlastrownu===> 4
Getlastcolvalue =====>5
Dr.
Ankit
Kumar
LNU
Esq.
Miss
Nitin
kalak
NUL
II
Mr.
Mohit
sood
TIDDA
III
Mrs.
Sonu
kumar
TRUE
IV
]]></system-out>
  </testcase>
  <testcase name="Beforet" classname="com.qa.testcases.CreatecontactTC" time="0">
    <skipped/>
  </testcase>
  <testcase name="Beforet" classname="com.qa.testcases.CreatecontactTC" time="0">
    <skipped/>
  </testcase>
  <testcase name="Beforet" classname="com.qa.testcases.CreatecontactTC" time="0">
    <skipped/>
  </testcase>
  <testcase name="Verifycontactonformation" classname="com.qa.testcases.CreatecontactTC" time="0">
    <skipped/>
  </testcase>
  <testcase name="Aftertest" classname="com.qa.testcases.CreatecontactTC" time="0">
    <skipped/>
  </testcase>
  <testcase name="Aftertest" classname="com.qa.testcases.CreatecontactTC" time="0">
    <skipped/>
  </testcase>
  <testcase name="Aftertest" classname="com.qa.testcases.CreatecontactTC" time="0">
    <skipped/>
  </testcase>
  <testcase name="Aftertest" classname="com.qa.testcases.CreatecontactTC" time="0">
    <skipped/>
  </testcase>
  <testcase name="Aftertest" classname="com.qa.testcases.CreatecontactTC" time="0">
    <skipped/>
  </testcase>
  <testcase name="Aftertest" classname="com.qa.testcases.CreatecontactTC" time="0">
    <skipped/>
  </testcase>
  <testcase name="VerifyLoadbutton" classname="com.qa.testcases.CreatecontactTC" time="0">
    <skipped/>
  </testcase>
  <testcase name="createconctactssss" classname="com.qa.testcases.CreatecontactTC" time="0">
    <skipped/>
  </testcase>
  <testcase name="createconctactssss" classname="com.qa.testcases.CreatecontactTC" time="0">
    <skipped/>
  </testcase>
  <testcase name="createconctactssss" classname="com.qa.testcases.CreatecontactTC" time="0">
    <skipped/>
  </testcase>
  <testcase name="createconctactssss" classname="com.qa.testcases.CreatecontactTC" time="0">
    <skipped/>
  </testcase>
  <testcase name="Teardown" classname="com.qa.testcases.CreatecontactTC" time="0">
    <skipped/>
  </testcase>
</testsuite>