<?xml version="1.0" encoding="UTF-8"?>
<!-- Generated by org.testng.reporters.JUnitReportReporter -->
<testsuite hostname="INNO2-5095" name="com.qa.testcases.HomepageTC" tests="3" failures="0" timestamp="30 Apr 2020 19:30:32 GMT" time="86.246" errors="0">
  <testcase name="Veriflogin" time="23.870" classname="com.qa.testcases.HomepageTC"/>
  <testcase name="Verifcontactlink" time="35.065" classname="com.qa.testcases.HomepageTC"/>
  <testcase name="Verifuser" time="27.311" classname="com.qa.testcases.HomepageTC"/>
</testsuite> <!-- com.qa.testcases.HomepageTC -->
