<?xml version="1.0" encoding="UTF-8"?>
<!-- Generated by org.testng.reporters.JUnitReportReporter -->
<testsuite hostname="INNO2-5095" name="com.qa.testcases.HomepageTC" tests="2" failures="0" timestamp="29 Apr 2020 18:27:28 GMT" time="49.461" errors="0">
  <testcase name="Veriflogin" time="24.791" classname="com.qa.testcases.HomepageTC"/>
  <testcase name="Verifuser" time="24.670" classname="com.qa.testcases.HomepageTC"/>
</testsuite> <!-- com.qa.testcases.HomepageTC -->
