<?xml version="1.0" encoding="UTF-8"?>
<!-- Generated by org.testng.reporters.JUnitReportReporter -->
<testsuite hostname="INNO2-5095" name="com.qa.testcases.CreatecontactTC" tests="6" failures="0" timestamp="30 Apr 2020 18:57:19 GMT" time="144.135" errors="0">
  <testcase name="createconctactssss" time="28.324" classname="com.qa.testcases.CreatecontactTC"/>
  <testcase name="createconctactssss" time="27.006" classname="com.qa.testcases.CreatecontactTC"/>
  <testcase name="VerifyLoadbutton" time="21.050" classname="com.qa.testcases.CreatecontactTC"/>
  <testcase name="Verifycontactonformation" time="21.660" classname="com.qa.testcases.CreatecontactTC"/>
  <testcase name="createconctactssss" time="24.014" classname="com.qa.testcases.CreatecontactTC"/>
  <testcase name="createconctactssss" time="22.081" classname="com.qa.testcases.CreatecontactTC"/>
</testsuite> <!-- com.qa.testcases.CreatecontactTC -->
