<?xml version="1.0" encoding="UTF-8"?>
<!-- Generated by org.testng.reporters.JUnitReportReporter -->
<testsuite hostname="INNO2-5095" name="com.qa.testcases.LoginTC" tests="1" failures="0" timestamp="1 May 2020 20:11:54 GMT" time="25.737" errors="0">
  <testcase name="logintest" time="25.737" classname="com.qa.testcases.LoginTC"/>
</testsuite> <!-- com.qa.testcases.LoginTC -->
