<?xml version="1.0" encoding="UTF-8"?>
<!-- Generated by org.testng.reporters.JUnitReportReporter -->
<testsuite hostname="INNO2-5095" name="com.qa.testcases.LoginTC" tests="1" failures="0" timestamp="30 Apr 2020 19:58:32 GMT" time="20.451" errors="0">
  <testcase name="logintest" time="20.451" classname="com.qa.testcases.LoginTC"/>
</testsuite> <!-- com.qa.testcases.LoginTC -->
